<?xml version="1.0" encoding="UTF-8"?>
<testsuites name="jest tests" tests="1" failures="0" errors="0" time="1.683">
  <testsuite name="firstTest" errors="0" failures="0" skipped="0" timestamp="2023-03-29T12:19:51" time="1.607" tests="1">
    <testcase classname="firstTest First test" name="firstTest First test" time="0.019">
    </testcase>
  </testsuite>
</testsuites>