<?xml version="1.0" encoding="UTF-8"?>
<testsuites name="jest tests" tests="1" failures="0" errors="0" time="1.74">
  <testsuite name="firstTest" errors="0" failures="0" skipped="0" timestamp="2023-05-18T12:41:57" time="1.628" tests="1">
    <testcase classname="firstTest First test" name="firstTest First test" time="0.019">
    </testcase>
  </testsuite>
</testsuites>